573144575755:ENCOLADO ans_d4c2e9d8-ebac-400e-95d0-41aa53e9794b
EJECUTANDO:ans_d4c2e9d8-ebac-400e-95d0-41aa53e9794b
573144575755:ENCOLADO ans_d4c2e9d8-ebac-400e-95d0-41aa53e9794b
573144575755:SUCCESS
573144575755:ENCOLADO ans_b75fea52-b989-4d08-94b3-4c3dc8ac9831
EJECUTANDO:ans_b75fea52-b989-4d08-94b3-4c3dc8ac9831
573144575755:SUCCESS
573144575755:ENCOLADO ans_b75fea52-b989-4d08-94b3-4c3dc8ac9831
EJECUTANDO:ans_b75fea52-b989-4d08-94b3-4c3dc8ac9831
573144575755:SUCCESS
573144575755:SUCCESS
573144575755:ENCOLADO ans_c82b4fda-f03a-4bef-8f4d-7707c97126e6
EJECUTANDO:ans_c82b4fda-f03a-4bef-8f4d-7707c97126e6
573144575755:SUCCESS
573208142356:ENCOLADO ans_d4c2e9d8-ebac-400e-95d0-41aa53e9794b
EJECUTANDO:ans_d4c2e9d8-ebac-400e-95d0-41aa53e9794b
573208142356:SUCCESS
573208142356:ENCOLADO ans_b75fea52-b989-4d08-94b3-4c3dc8ac9831
EJECUTANDO:ans_b75fea52-b989-4d08-94b3-4c3dc8ac9831
573208142356:SUCCESS
573208142356:ENCOLADO ans_c82b4fda-f03a-4bef-8f4d-7707c97126e6
EJECUTANDO:ans_c82b4fda-f03a-4bef-8f4d-7707c97126e6
573208142356:SUCCESS
